<?xml version="1.0" encoding="UTF-8"?>
<Site BuildName="(empty)"
	BuildStamp="20241030-0037-Experimental"
	Name="arhma-XPS-13-7390"
	Generator="ctest-3.22.1"
	CompilerName="/usr/bin/c++"
	CompilerVersion="11.4.0"
	OSName="Linux"
	Hostname="arhma-XPS-13-7390"
	OSRelease="5.15.0-124-generic"
	OSVersion="#134-Ubuntu SMP Fri Sep 27 20:20:17 UTC 2024"
	OSPlatform="x86_64"
	Is64Bits="1"
	VendorString="GenuineIntel"
	VendorID="Intel Corporation"
	FamilyID="6"
	ModelID="142"
	ProcessorCacheSize="6144"
	NumberOfLogicalCPU="8"
	NumberOfPhysicalCPU="4"
	TotalVirtualMemory="2047"
	TotalPhysicalMemory="7629"
	LogicalProcessorsPerPhysical="2"
	ProcessorClockFrequency="2100"
	>
	<Testing>
		<StartDateTime>Oct 30 12:16 AEDT</StartDateTime>
		<StartTestTime>1730250973</StartTestTime>
		<TestList/>
		<EndDateTime>Oct 30 12:16 AEDT</EndDateTime>
		<EndTestTime>1730250973</EndTestTime>
		<ElapsedMinutes>0</ElapsedMinutes>
	</Testing>
</Site>
