<?xml version="1.0" encoding="UTF-8"?>
<Site BuildName="(empty)"
	BuildStamp="20240814-0215-Experimental"
	Name="arhma-XPS-13-7390"
	Generator="ctest-3.22.1"
	CompilerName="/usr/bin/c++"
	CompilerVersion="11.4.0"
	OSName="Linux"
	Hostname="arhma-XPS-13-7390"
	OSRelease="5.15.0-113-generic"
	OSVersion="#123-Ubuntu SMP Mon Jun 10 08:16:17 UTC 2024"
	OSPlatform="x86_64"
	Is64Bits="1"
	VendorString="GenuineIntel"
	VendorID="Intel Corporation"
	FamilyID="6"
	ModelID="142"
	ProcessorCacheSize="6144"
	NumberOfLogicalCPU="8"
	NumberOfPhysicalCPU="4"
	TotalVirtualMemory="2047"
	TotalPhysicalMemory="7629"
	LogicalProcessorsPerPhysical="2"
	ProcessorClockFrequency="3129.45"
	>
	<Testing>
		<StartDateTime>Aug 14 12:15 AEST</StartDateTime>
		<StartTestTime>1723601749</StartTestTime>
		<TestList/>
		<EndDateTime>Aug 14 12:15 AEST</EndDateTime>
		<EndTestTime>1723601749</EndTestTime>
		<ElapsedMinutes>0</ElapsedMinutes>
	</Testing>
</Site>
